<?xml version="1.0" encoding="UTF-8"?>
<testsuite xmlns:xsi="http://www.w3.org/2001/XMLSchema-instance" xsi:noNamespaceSchemaLocation="https://maven.apache.org/surefire/maven-surefire-plugin/xsd/surefire-test-report-3.0.xsd" version="3.0" name="pe.edu.uni.pedidoapp.service.PedidoServiceTest" time="0.096" tests="4" errors="0" skipped="0" failures="0">
  <properties>
[...]
</properties>
  <testcase name="testCalcTotal_InvalidImporte" classname="pe.edu.uni.pedidoapp.service.PedidoServiceTest" time="0.009"/>
  <testcase name="testCalcTotal_ValidImporte" classname="pe.edu.uni.pedidoapp.service.PedidoServiceTest" time="0"/>
  <testcase name="testCalcImpuesto_ValidImporte" classname="pe.edu.uni.pedidoapp.service.PedidoServiceTest" time="0"/>
  <testcase name="testCalcImpuesto_InvalidImporte" classname="pe.edu.uni.pedidoapp.service.PedidoServiceTest" time="0.001"/>
</testsuite>